
genpasswd:     file format elf64-x86-64


Disassembly of section .text:

0000000000001a60 <_start>:
    1a60:	f3 0f 1e fa          	endbr64
    1a64:	31 ed                	xor    %ebp,%ebp
    1a66:	49 89 d1             	mov    %rdx,%r9
    1a69:	5e                   	pop    %rsi
    1a6a:	48 89 e2             	mov    %rsp,%rdx
    1a6d:	48 83 e4 f0          	and    $0xfffffffffffffff0,%rsp
    1a71:	50                   	push   %rax
    1a72:	54                   	push   %rsp
    1a73:	45 31 c0             	xor    %r8d,%r8d
    1a76:	31 c9                	xor    %ecx,%ecx
    1a78:	48 8d 3d 01 01 00 00 	lea    0x101(%rip),%rdi        # 1b80 <main>
    1a7f:	ff 15 bb 15 00 00    	call   *0x15bb(%rip)        # 3040 <__libc_start_main@GLIBC_2.34>
    1a85:	f4                   	hlt
    1a86:	cc                   	int3
    1a87:	cc                   	int3
    1a88:	cc                   	int3
    1a89:	cc                   	int3
    1a8a:	cc                   	int3
    1a8b:	cc                   	int3
    1a8c:	cc                   	int3
    1a8d:	cc                   	int3
    1a8e:	cc                   	int3
    1a8f:	cc                   	int3
    1a90:	48 8d 3d 69 26 00 00 	lea    0x2669(%rip),%rdi        # 4100 <__TMC_END__>
    1a97:	48 8d 05 62 26 00 00 	lea    0x2662(%rip),%rax        # 4100 <__TMC_END__>
    1a9e:	48 39 f8             	cmp    %rdi,%rax
    1aa1:	74 15                	je     1ab8 <_start+0x58>
    1aa3:	48 8b 05 a6 15 00 00 	mov    0x15a6(%rip),%rax        # 3050 <_ITM_deregisterTMCloneTable@Base>
    1aaa:	48 85 c0             	test   %rax,%rax
    1aad:	74 09                	je     1ab8 <_start+0x58>
    1aaf:	ff e0                	jmp    *%rax
    1ab1:	0f 1f 80 00 00 00 00 	nopl   0x0(%rax)
    1ab8:	c3                   	ret
    1ab9:	0f 1f 80 00 00 00 00 	nopl   0x0(%rax)
    1ac0:	48 8d 3d 39 26 00 00 	lea    0x2639(%rip),%rdi        # 4100 <__TMC_END__>
    1ac7:	48 8d 35 32 26 00 00 	lea    0x2632(%rip),%rsi        # 4100 <__TMC_END__>
    1ace:	48 29 fe             	sub    %rdi,%rsi
    1ad1:	48 89 f0             	mov    %rsi,%rax
    1ad4:	48 c1 ee 3f          	shr    $0x3f,%rsi
    1ad8:	48 c1 f8 03          	sar    $0x3,%rax
    1adc:	48 01 c6             	add    %rax,%rsi
    1adf:	48 d1 fe             	sar    $1,%rsi
    1ae2:	74 14                	je     1af8 <_start+0x98>
    1ae4:	48 8b 05 6d 15 00 00 	mov    0x156d(%rip),%rax        # 3058 <_ITM_registerTMCloneTable@Base>
    1aeb:	48 85 c0             	test   %rax,%rax
    1aee:	74 08                	je     1af8 <_start+0x98>
    1af0:	ff e0                	jmp    *%rax
    1af2:	66 0f 1f 44 00 00    	nopw   0x0(%rax,%rax,1)
    1af8:	c3                   	ret
    1af9:	0f 1f 80 00 00 00 00 	nopl   0x0(%rax)
    1b00:	f3 0f 1e fa          	endbr64
    1b04:	80 3d f5 25 00 00 00 	cmpb   $0x0,0x25f5(%rip)        # 4100 <__TMC_END__>
    1b0b:	75 33                	jne    1b40 <_start+0xe0>
    1b0d:	55                   	push   %rbp
    1b0e:	48 83 3d 4a 15 00 00 	cmpq   $0x0,0x154a(%rip)        # 3060 <__cxa_finalize@GLIBC_2.2.5>
    1b15:	00 
    1b16:	48 89 e5             	mov    %rsp,%rbp
    1b19:	74 0d                	je     1b28 <_start+0xc8>
    1b1b:	48 8b 3d d6 25 00 00 	mov    0x25d6(%rip),%rdi        # 40f8 <__dso_handle>
    1b22:	ff 15 38 15 00 00    	call   *0x1538(%rip)        # 3060 <__cxa_finalize@GLIBC_2.2.5>
    1b28:	e8 63 ff ff ff       	call   1a90 <_start+0x30>
    1b2d:	c6 05 cc 25 00 00 01 	movb   $0x1,0x25cc(%rip)        # 4100 <__TMC_END__>
    1b34:	5d                   	pop    %rbp
    1b35:	c3                   	ret
    1b36:	66 2e 0f 1f 84 00 00 	cs nopw 0x0(%rax,%rax,1)
    1b3d:	00 00 00 
    1b40:	c3                   	ret
    1b41:	66 66 2e 0f 1f 84 00 	data16 cs nopw 0x0(%rax,%rax,1)
    1b48:	00 00 00 00 
    1b4c:	0f 1f 40 00          	nopl   0x0(%rax)
    1b50:	f3 0f 1e fa          	endbr64
    1b54:	e9 67 ff ff ff       	jmp    1ac0 <_start+0x60>
    1b59:	cc                   	int3
    1b5a:	cc                   	int3
    1b5b:	cc                   	int3
    1b5c:	cc                   	int3
    1b5d:	cc                   	int3
    1b5e:	cc                   	int3
    1b5f:	cc                   	int3

0000000000001b60 <atexit>:
    1b60:	f3 0f 1e fa          	endbr64
    1b64:	48 8b 15 8d 25 00 00 	mov    0x258d(%rip),%rdx        # 40f8 <__dso_handle>
    1b6b:	31 f6                	xor    %esi,%esi
    1b6d:	ff 25 f5 14 00 00    	jmp    *0x14f5(%rip)        # 3068 <__cxa_atexit@GLIBC_2.2.5>
    1b73:	cc                   	int3
    1b74:	cc                   	int3
    1b75:	cc                   	int3
    1b76:	cc                   	int3
    1b77:	cc                   	int3
    1b78:	cc                   	int3
    1b79:	cc                   	int3
    1b7a:	cc                   	int3
    1b7b:	cc                   	int3
    1b7c:	cc                   	int3
    1b7d:	cc                   	int3
    1b7e:	cc                   	int3
    1b7f:	cc                   	int3

0000000000001b80 <main>:
    1b80:	41 57                	push   %r15
    1b82:	41 56                	push   %r14
    1b84:	53                   	push   %rbx
    1b85:	48 81 ec 90 20 00 00 	sub    $0x2090,%rsp
    1b8c:	64 48 8b 04 25 28 00 	mov    %fs:0x28,%rax
    1b93:	00 00 
    1b95:	48 8d 3d 84 01 00 00 	lea    0x184(%rip),%rdi        # 1d20 <free_allocations>
    1b9c:	48 89 84 24 88 20 00 	mov    %rax,0x2088(%rsp)
    1ba3:	00 
    1ba4:	e8 b7 ff ff ff       	call   1b60 <atexit>
    1ba9:	e8 e2 01 00 00       	call   1d90 <sodium_init@plt>
    1bae:	85 c0                	test   %eax,%eax
    1bb0:	0f 88 57 01 00 00    	js     1d0d <main+0x18d>
    1bb6:	48 8d 3d 0f ed ff ff 	lea    -0x12f1(%rip),%rdi        # 8cc <_IO_stdin_used+0x4>
    1bbd:	e8 7e 02 00 00       	call   1e40 <puts@plt>
    1bc2:	48 8d 9c 24 40 20 00 	lea    0x2040(%rsp),%rbx
    1bc9:	00 
    1bca:	be 40 00 00 00       	mov    $0x40,%esi
    1bcf:	48 89 df             	mov    %rbx,%rdi
    1bd2:	e8 e9 01 00 00       	call   1dc0 <sodium_memzero@plt>
    1bd7:	4c 8d b4 24 00 20 00 	lea    0x2000(%rsp),%r14
    1bde:	00 
    1bdf:	be 40 00 00 00       	mov    $0x40,%esi
    1be4:	4c 89 f7             	mov    %r14,%rdi
    1be7:	e8 d4 01 00 00       	call   1dc0 <sodium_memzero@plt>
    1bec:	49 89 e7             	mov    %rsp,%r15
    1bef:	be 00 20 00 00       	mov    $0x2000,%esi
    1bf4:	4c 89 ff             	mov    %r15,%rdi
    1bf7:	e8 c4 01 00 00       	call   1dc0 <sodium_memzero@plt>
    1bfc:	be 40 00 00 00       	mov    $0x40,%esi
    1c01:	48 89 df             	mov    %rbx,%rdi
    1c04:	e8 c7 01 00 00       	call   1dd0 <randombytes_buf@plt>
    1c09:	be 40 00 00 00       	mov    $0x40,%esi
    1c0e:	4c 89 f7             	mov    %r14,%rdi
    1c11:	e8 ba 01 00 00       	call   1dd0 <randombytes_buf@plt>
    1c16:	be 00 20 00 00       	mov    $0x2000,%esi
    1c1b:	4c 89 ff             	mov    %r15,%rdi
    1c1e:	e8 ad 01 00 00       	call   1dd0 <randombytes_buf@plt>
    1c23:	be 40 00 00 00       	mov    $0x40,%esi
    1c28:	41 b9 40 00 00 00    	mov    $0x40,%r9d
    1c2e:	4c 89 f7             	mov    %r14,%rdi
    1c31:	4c 89 fa             	mov    %r15,%rdx
    1c34:	31 c9                	xor    %ecx,%ecx
    1c36:	49 89 d8             	mov    %rbx,%r8
    1c39:	e8 a2 01 00 00       	call   1de0 <crypto_generichash@plt>
    1c3e:	bf 10 01 00 00       	mov    $0x110,%edi
    1c43:	e8 c8 01 00 00       	call   1e10 <malloc@plt>
    1c48:	48 85 c0             	test   %rax,%rax
    1c4b:	0f 84 b7 00 00 00    	je     1d08 <main+0x188>
    1c51:	48 8b 0d b0 24 00 00 	mov    0x24b0(%rip),%rcx        # 4108 <alloc_head>
    1c58:	48 89 05 a9 24 00 00 	mov    %rax,0x24a9(%rip)        # 4108 <alloc_head>
    1c5f:	48 8d 94 24 00 20 00 	lea    0x2000(%rsp),%rdx
    1c66:	00 
    1c67:	be 81 00 00 00       	mov    $0x81,%esi
    1c6c:	48 89 08             	mov    %rcx,(%rax)
    1c6f:	48 83 c0 08          	add    $0x8,%rax
    1c73:	b9 40 00 00 00       	mov    $0x40,%ecx
    1c78:	48 89 c7             	mov    %rax,%rdi
    1c7b:	e8 80 01 00 00       	call   1e00 <sodium_bin2hex@plt>
    1c80:	48 89 c6             	mov    %rax,%rsi
    1c83:	48 8d 3d 6d ec ff ff 	lea    -0x1393(%rip),%rdi        # 8f7 <_IO_stdin_used+0x2f>
    1c8a:	31 c0                	xor    %eax,%eax
    1c8c:	e8 1f 01 00 00       	call   1db0 <printf@plt>
    1c91:	bf 10 01 00 00       	mov    $0x110,%edi
    1c96:	e8 75 01 00 00       	call   1e10 <malloc@plt>
    1c9b:	48 85 c0             	test   %rax,%rax
    1c9e:	74 68                	je     1d08 <main+0x188>
    1ca0:	48 8b 0d 61 24 00 00 	mov    0x2461(%rip),%rcx        # 4108 <alloc_head>
    1ca7:	48 89 05 5a 24 00 00 	mov    %rax,0x245a(%rip)        # 4108 <alloc_head>
    1cae:	48 8d 94 24 00 20 00 	lea    0x2000(%rsp),%rdx
    1cb5:	00 
    1cb6:	be 81 00 00 00       	mov    $0x81,%esi
    1cbb:	41 b8 05 00 00 00    	mov    $0x5,%r8d
    1cc1:	48 89 08             	mov    %rcx,(%rax)
    1cc4:	48 83 c0 08          	add    $0x8,%rax
    1cc8:	b9 40 00 00 00       	mov    $0x40,%ecx
    1ccd:	48 89 c7             	mov    %rax,%rdi
    1cd0:	e8 5b 01 00 00       	call   1e30 <sodium_bin2base64@plt>
    1cd5:	48 89 c6             	mov    %rax,%rsi
    1cd8:	48 8d 3d 3f ec ff ff 	lea    -0x13c1(%rip),%rdi        # 91e <_IO_stdin_used+0x56>
    1cdf:	31 c0                	xor    %eax,%eax
    1ce1:	e8 ca 00 00 00       	call   1db0 <printf@plt>
    1ce6:	64 48 8b 04 25 28 00 	mov    %fs:0x28,%rax
    1ced:	00 00 
    1cef:	48 3b 84 24 88 20 00 	cmp    0x2088(%rsp),%rax
    1cf6:	00 
    1cf7:	75 22                	jne    1d1b <main+0x19b>
    1cf9:	31 c0                	xor    %eax,%eax
    1cfb:	48 81 c4 90 20 00 00 	add    $0x2090,%rsp
    1d02:	5b                   	pop    %rbx
    1d03:	41 5e                	pop    %r14
    1d05:	41 5f                	pop    %r15
    1d07:	c3                   	ret
    1d08:	e8 13 01 00 00       	call   1e20 <abort@plt>
    1d0d:	48 8d 3d 3c ec ff ff 	lea    -0x13c4(%rip),%rdi        # 950 <_IO_stdin_used+0x88>
    1d14:	31 c0                	xor    %eax,%eax
    1d16:	e8 85 00 00 00       	call   1da0 <Tcl_Panic@plt>
    1d1b:	e8 30 01 00 00       	call   1e50 <__stack_chk_fail@plt>

0000000000001d20 <free_allocations>:
    1d20:	48 8b 3d e1 23 00 00 	mov    0x23e1(%rip),%rdi        # 4108 <alloc_head>
    1d27:	48 c7 05 d6 23 00 00 	movq   $0x0,0x23d6(%rip)        # 4108 <alloc_head>
    1d2e:	00 00 00 00 
    1d32:	48 85 ff             	test   %rdi,%rdi
    1d35:	74 1a                	je     1d51 <free_allocations+0x31>
    1d37:	53                   	push   %rbx
    1d38:	0f 1f 84 00 00 00 00 	nopl   0x0(%rax,%rax,1)
    1d3f:	00 
    1d40:	48 8b 1f             	mov    (%rdi),%rbx
    1d43:	e8 a8 00 00 00       	call   1df0 <free@plt>
    1d48:	48 89 df             	mov    %rbx,%rdi
    1d4b:	48 85 db             	test   %rbx,%rbx
    1d4e:	75 f0                	jne    1d40 <free_allocations+0x20>
    1d50:	5b                   	pop    %rbx
    1d51:	c3                   	ret

Disassembly of section .init:

0000000000001d54 <_init>:
    1d54:	f3 0f 1e fa          	endbr64
    1d58:	48 83 ec 08          	sub    $0x8,%rsp
    1d5c:	48 8b 05 e5 12 00 00 	mov    0x12e5(%rip),%rax        # 3048 <__gmon_start__@Base>
    1d63:	48 85 c0             	test   %rax,%rax
    1d66:	74 02                	je     1d6a <_init+0x16>
    1d68:	ff d0                	call   *%rax
    1d6a:	48 83 c4 08          	add    $0x8,%rsp
    1d6e:	c3                   	ret

Disassembly of section .fini:

0000000000001d70 <_fini>:
    1d70:	f3 0f 1e fa          	endbr64
    1d74:	48 83 ec 08          	sub    $0x8,%rsp
    1d78:	48 83 c4 08          	add    $0x8,%rsp
    1d7c:	c3                   	ret

Disassembly of section .plt:

0000000000001d80 <sodium_init@plt-0x10>:
    1d80:	ff 35 f2 12 00 00    	push   0x12f2(%rip)        # 3078 <_GLOBAL_OFFSET_TABLE_+0x8>
    1d86:	ff 25 f4 12 00 00    	jmp    *0x12f4(%rip)        # 3080 <_GLOBAL_OFFSET_TABLE_+0x10>
    1d8c:	0f 1f 40 00          	nopl   0x0(%rax)

0000000000001d90 <sodium_init@plt>:
    1d90:	ff 25 f2 12 00 00    	jmp    *0x12f2(%rip)        # 3088 <sodium_init@Base>
    1d96:	68 00 00 00 00       	push   $0x0
    1d9b:	e9 e0 ff ff ff       	jmp    1d80 <_fini+0x10>

0000000000001da0 <Tcl_Panic@plt>:
    1da0:	ff 25 ea 12 00 00    	jmp    *0x12ea(%rip)        # 3090 <Tcl_Panic@Base>
    1da6:	68 01 00 00 00       	push   $0x1
    1dab:	e9 d0 ff ff ff       	jmp    1d80 <_fini+0x10>

0000000000001db0 <printf@plt>:
    1db0:	ff 25 e2 12 00 00    	jmp    *0x12e2(%rip)        # 3098 <printf@GLIBC_2.2.5>
    1db6:	68 02 00 00 00       	push   $0x2
    1dbb:	e9 c0 ff ff ff       	jmp    1d80 <_fini+0x10>

0000000000001dc0 <sodium_memzero@plt>:
    1dc0:	ff 25 da 12 00 00    	jmp    *0x12da(%rip)        # 30a0 <sodium_memzero@Base>
    1dc6:	68 03 00 00 00       	push   $0x3
    1dcb:	e9 b0 ff ff ff       	jmp    1d80 <_fini+0x10>

0000000000001dd0 <randombytes_buf@plt>:
    1dd0:	ff 25 d2 12 00 00    	jmp    *0x12d2(%rip)        # 30a8 <randombytes_buf@Base>
    1dd6:	68 04 00 00 00       	push   $0x4
    1ddb:	e9 a0 ff ff ff       	jmp    1d80 <_fini+0x10>

0000000000001de0 <crypto_generichash@plt>:
    1de0:	ff 25 ca 12 00 00    	jmp    *0x12ca(%rip)        # 30b0 <crypto_generichash@Base>
    1de6:	68 05 00 00 00       	push   $0x5
    1deb:	e9 90 ff ff ff       	jmp    1d80 <_fini+0x10>

0000000000001df0 <free@plt>:
    1df0:	ff 25 c2 12 00 00    	jmp    *0x12c2(%rip)        # 30b8 <free@GLIBC_2.2.5>
    1df6:	68 06 00 00 00       	push   $0x6
    1dfb:	e9 80 ff ff ff       	jmp    1d80 <_fini+0x10>

0000000000001e00 <sodium_bin2hex@plt>:
    1e00:	ff 25 ba 12 00 00    	jmp    *0x12ba(%rip)        # 30c0 <sodium_bin2hex@Base>
    1e06:	68 07 00 00 00       	push   $0x7
    1e0b:	e9 70 ff ff ff       	jmp    1d80 <_fini+0x10>

0000000000001e10 <malloc@plt>:
    1e10:	ff 25 b2 12 00 00    	jmp    *0x12b2(%rip)        # 30c8 <malloc@GLIBC_2.2.5>
    1e16:	68 08 00 00 00       	push   $0x8
    1e1b:	e9 60 ff ff ff       	jmp    1d80 <_fini+0x10>

0000000000001e20 <abort@plt>:
    1e20:	ff 25 aa 12 00 00    	jmp    *0x12aa(%rip)        # 30d0 <abort@GLIBC_2.2.5>
    1e26:	68 09 00 00 00       	push   $0x9
    1e2b:	e9 50 ff ff ff       	jmp    1d80 <_fini+0x10>

0000000000001e30 <sodium_bin2base64@plt>:
    1e30:	ff 25 a2 12 00 00    	jmp    *0x12a2(%rip)        # 30d8 <sodium_bin2base64@Base>
    1e36:	68 0a 00 00 00       	push   $0xa
    1e3b:	e9 40 ff ff ff       	jmp    1d80 <_fini+0x10>

0000000000001e40 <puts@plt>:
    1e40:	ff 25 9a 12 00 00    	jmp    *0x129a(%rip)        # 30e0 <puts@GLIBC_2.2.5>
    1e46:	68 0b 00 00 00       	push   $0xb
    1e4b:	e9 30 ff ff ff       	jmp    1d80 <_fini+0x10>

0000000000001e50 <__stack_chk_fail@plt>:
    1e50:	ff 25 92 12 00 00    	jmp    *0x1292(%rip)        # 30e8 <__stack_chk_fail@GLIBC_2.4>
    1e56:	68 0c 00 00 00       	push   $0xc
    1e5b:	e9 20 ff ff ff       	jmp    1d80 <_fini+0x10>
